0 verbose cli /usr/local/bin/node /usr/local/bin/npm
1 info using npm@10.7.0
2 info using node@v20.15.1
3 silly config:load:file:/usr/local/lib/node_modules/npm/npmrc
4 silly config:load:file:/data/node_modules/node-red-contrib-iiot-opcua/.npmrc
5 silly config:load:file:/usr/src/node-red/.npmrc
6 silly config:load:file:/usr/local/etc/npmrc
7 verbose title npm run certificates
8 verbose argv "run" "certificates"
9 verbose logfile logs-max:10 dir:/data/.npm/_logs/2024-07-12T21_00_34_964Z-
10 verbose logfile /data/.npm/_logs/2024-07-12T21_00_34_964Z-debug-0.log
11 silly logfile done cleaning log files
12 http fetch GET 200 https://registry.npmjs.org/npm 189ms
13 notice
13 notice New minor version of npm available! 10.7.0 -> 10.8.2
13 notice Changelog: https://github.com/npm/cli/releases/tag/v10.8.2
13 notice To update run: npm install -g npm@10.8.2
13 notice  { force: true, [Symbol(proc-log.meta)]: true }
14 verbose exit 0
15 info ok
